
2022-01-05 14:24:29,318 p=4589 u=user-adm n=ansible | PLAY [Package update] ****************************************************************************************************************************************************************************************
2022-01-05 14:24:29,331 p=4589 u=user-adm n=ansible | TASK [Gathering Facts] ***************************************************************************************************************************************************************************************
2022-01-05 14:24:30,116 p=4589 u=user-adm n=ansible | [WARNING]: Platform linux on host debian is using the discovered Python interpreter at /usr/bin/python, but future installation of another Python interpreter could change this. See
https://docs.ansible.com/ansible/2.9/reference_appendices/interpreter_discovery.html for more information.

2022-01-05 14:24:30,117 p=4589 u=user-adm n=ansible | ok: [debian]
2022-01-05 14:24:30,610 p=4589 u=user-adm n=ansible | ok: [centos2]
2022-01-05 14:24:30,621 p=4589 u=user-adm n=ansible | TASK [package_update : Check connection] *********************************************************************************************************************************************************************
2022-01-05 14:24:30,917 p=4589 u=user-adm n=ansible | ok: [debian]
2022-01-05 14:24:31,130 p=4589 u=user-adm n=ansible | ok: [centos2]
2022-01-05 14:24:31,136 p=4589 u=user-adm n=ansible | TASK [package_update : Check linux family] *******************************************************************************************************************************************************************
2022-01-05 14:24:31,202 p=4589 u=user-adm n=ansible | ok: [debian] => {
    "ansible_os_family": "Debian"
}
2022-01-05 14:24:31,206 p=4589 u=user-adm n=ansible | ok: [centos2] => {
    "ansible_os_family": "RedHat"
}
2022-01-05 14:24:31,212 p=4589 u=user-adm n=ansible | TASK [package_update : Yum update] ***************************************************************************************************************************************************************************
2022-01-05 14:24:31,278 p=4589 u=user-adm n=ansible | skipping: [debian]
2022-01-05 14:24:33,329 p=4589 u=user-adm n=ansible | ok: [centos2]
2022-01-05 14:24:33,335 p=4589 u=user-adm n=ansible | TASK [package_update : Print yum output] *********************************************************************************************************************************************************************
2022-01-05 14:24:33,403 p=4589 u=user-adm n=ansible | skipping: [debian]
2022-01-05 14:24:33,407 p=4589 u=user-adm n=ansible | ok: [centos2] => {
    "yum_output.msg": "Nothing to do"
}
2022-01-05 14:24:33,413 p=4589 u=user-adm n=ansible | TASK [package_update : Apt update] ***************************************************************************************************************************************************************************
2022-01-05 14:24:33,483 p=4589 u=user-adm n=ansible | skipping: [centos2]
2022-01-05 14:24:35,089 p=4589 u=user-adm n=ansible | ok: [debian]
2022-01-05 14:24:35,094 p=4589 u=user-adm n=ansible | TASK [package_update : Print apt output] *********************************************************************************************************************************************************************
2022-01-05 14:24:35,161 p=4589 u=user-adm n=ansible | ok: [debian] => {
    "apt_output.stdout_lines": [
        "Reading package lists...",
        "Building dependency tree...",
        "Reading state information...",
        "Calculating upgrade...",
        "0 upgraded, 0 newly installed, 0 to remove and 0 not upgraded."
    ]
}
2022-01-05 14:24:35,164 p=4589 u=user-adm n=ansible | skipping: [centos2]
2022-01-05 14:24:35,166 p=4589 u=user-adm n=ansible | PLAY RECAP ***************************************************************************************************************************************************************************************************
2022-01-05 14:24:35,167 p=4589 u=user-adm n=ansible | centos2                    : ok=5    changed=0    unreachable=0    failed=0    skipped=2    rescued=0    ignored=0   
2022-01-05 14:24:35,167 p=4589 u=user-adm n=ansible | debian                     : ok=5    changed=0    unreachable=0    failed=0    skipped=2    rescued=0    ignored=0   
